nohup: ignoring input
Warning: All of online environments libraries in D4RL have been moved ]8;;https://github.com/Farama-Foundation/Gymnasium\Gymnasium]8;;\, ]8;;https://github.com/Farama-Foundation/MiniGrid\MiniGrid]8;;\ and ]8;;https://github.com/Farama-Foundation/Gymnasium-Robotics\Gymnasium-Robotics]8;;\, and all offline datasets in D4RL have been moved to ]8;;https://github.com/Farama-Foundation/Minari\Minari]8;;\.
These new versions include large bug fixes, new versions of Python, and are where all new development will continue. Please upgrade these libraries as soon as you're able to do so.
If you'd like to read more about the story behind this switch, please check out ]8;;https://farama.org/Announcing-Minari\this blog post]8;;\.
Warning: Mujoco-based envs failed to import. Set the environment variable D4RL_SUPPRESS_IMPORT_ERROR=1 to suppress this message.
No module named 'mjrl'
Warning: Flow failed to import. Set the environment variable D4RL_SUPPRESS_IMPORT_ERROR=1 to suppress this message.
No module named 'flow'
Warning: FrankaKitchen failed to import. Set the environment variable D4RL_SUPPRESS_IMPORT_ERROR=1 to suppress this message.
No module named 'dm_control'
Warning: CARLA failed to import. Set the environment variable D4RL_SUPPRESS_IMPORT_ERROR=1 to suppress this message.
No module named 'carla'
Warning: GymBullet failed to import. Set the environment variable D4RL_SUPPRESS_IMPORT_ERROR=1 to suppress this message.
No module named 'pybullet_envs'
wandb: Currently logged in as: wenkai001 (wenkai001-nanyang-technological-university-singapore). Use `wandb login --relogin` to force relogin
wandb: wandb version 0.24.0 is available!  To upgrade, please run:
wandb:  $ pip install wandb --upgrade
wandb: Tracking run with wandb version 0.17.7
wandb: Run data is saved locally in /home/wenkai001/ssd/ziming/dsrl/wandb/run-20260119_233418-duhueism
wandb: Run `wandb offline` to turn off syncing.
wandb: Syncing run robomimic_can_dsrl_2026-01-19_23-34-17_1
wandb: ⭐️ View project at https://wandb.ai/wenkai001-nanyang-technological-university-singapore/dsrl
wandb: 🚀 View run at https://wandb.ai/wenkai001-nanyang-technological-university-singapore/dsrl/runs/duhueism
[2026-01-19 23:34:21,706][root][INFO] - Number of network parameters: 575564
Error executing job with overrides: []
Error in call to target 'model.diffusion.diffusion_eval.DiffusionEval':
FileNotFoundError(2, 'No such file or directory')
full_key: model

Set the environment variable HYDRA_FULL_ERROR=1 for a complete stack trace.
wandb: - 0.018 MB of 0.018 MB uploadedwandb: \ 0.018 MB of 0.018 MB uploadedwandb: | 0.018 MB of 0.018 MB uploadedwandb: / 0.018 MB of 0.018 MB uploadedwandb: - 0.033 MB of 0.042 MB uploaded (0.013 MB deduped)wandb: \ 0.042 MB of 0.042 MB uploaded (0.013 MB deduped)wandb: 🚀 View run robomimic_can_dsrl_2026-01-19_23-34-17_1 at: https://wandb.ai/wenkai001-nanyang-technological-university-singapore/dsrl/runs/duhueism
wandb: ⭐️ View project at: https://wandb.ai/wenkai001-nanyang-technological-university-singapore/dsrl
wandb: Synced 6 W&B file(s), 0 media file(s), 2 artifact file(s) and 1 other file(s)
wandb: Find logs at: ./wandb/run-20260119_233418-duhueism/logs
wandb: WARNING The new W&B backend becomes opt-out in version 0.18.0; try it out with `wandb.require("core")`! See https://wandb.me/wandb-core for more information.
